0 info it worked if it ends with ok
1 verbose cli [ 'C:\\Tools\\nodejs\\node.exe',
1 verbose cli   'C:\\Tools\\nodejs\\node_modules\\npm\\bin\\npm-cli.js',
1 verbose cli   'info' ]
2 info using npm@3.7.3
3 info using node@v5.9.1
4 silly mapToRegistry name zombie-elm
5 silly mapToRegistry using default registry
6 silly mapToRegistry registry https://registry.npmjs.org/
7 silly mapToRegistry uri https://registry.npmjs.org/zombie-elm
8 verbose request uri https://registry.npmjs.org/zombie-elm
9 verbose request no auth needed
10 info attempt registry request try #1 at 23:48:39
11 verbose request id 993aa6f3de060225
12 http request GET https://registry.npmjs.org/zombie-elm
13 http 404 https://registry.npmjs.org/zombie-elm
14 verbose headers { 'content-type': 'application/json',
14 verbose headers   'cache-control': 'max-age=0',
14 verbose headers   'content-length': '2',
14 verbose headers   'accept-ranges': 'bytes',
14 verbose headers   date: 'Tue, 19 Apr 2016 21:48:41 GMT',
14 verbose headers   via: '1.1 varnish',
14 verbose headers   age: '0',
14 verbose headers   connection: 'keep-alive',
14 verbose headers   'x-served-by': 'cache-ams4139-AMS',
14 verbose headers   'x-cache': 'MISS',
14 verbose headers   'x-cache-hits': '0',
14 verbose headers   'x-timer': 'S1461102520.863770,VS0,VE663',
14 verbose headers   vary: 'Accept-Encoding' }
15 silly get cb [ 404,
15 silly get   { 'content-type': 'application/json',
15 silly get     'cache-control': 'max-age=0',
15 silly get     'content-length': '2',
15 silly get     'accept-ranges': 'bytes',
15 silly get     date: 'Tue, 19 Apr 2016 21:48:41 GMT',
15 silly get     via: '1.1 varnish',
15 silly get     age: '0',
15 silly get     connection: 'keep-alive',
15 silly get     'x-served-by': 'cache-ams4139-AMS',
15 silly get     'x-cache': 'MISS',
15 silly get     'x-cache-hits': '0',
15 silly get     'x-timer': 'S1461102520.863770,VS0,VE663',
15 silly get     vary: 'Accept-Encoding' } ]
16 verbose stack Error: Registry returned 404 for GET on https://registry.npmjs.org/zombie-elm
16 verbose stack     at makeError (C:\Tools\nodejs\node_modules\npm\node_modules\npm-registry-client\lib\request.js:264:12)
16 verbose stack     at CachingRegistryClient.<anonymous> (C:\Tools\nodejs\node_modules\npm\node_modules\npm-registry-client\lib\request.js:242:14)
16 verbose stack     at Request._callback (C:\Tools\nodejs\node_modules\npm\node_modules\npm-registry-client\lib\request.js:172:14)
16 verbose stack     at Request.self.callback (C:\Tools\nodejs\node_modules\npm\node_modules\request\request.js:199:22)
16 verbose stack     at emitTwo (events.js:100:13)
16 verbose stack     at Request.emit (events.js:185:7)
16 verbose stack     at Request.<anonymous> (C:\Tools\nodejs\node_modules\npm\node_modules\request\request.js:1036:10)
16 verbose stack     at emitOne (events.js:95:20)
16 verbose stack     at Request.emit (events.js:182:7)
16 verbose stack     at IncomingMessage.<anonymous> (C:\Tools\nodejs\node_modules\npm\node_modules\request\request.js:963:12)
17 verbose statusCode 404
18 verbose pkgid zombie-elm
19 verbose cwd C:\src\zombie-elm
20 error Windows_NT 10.0.10586
21 error argv "C:\\Tools\\nodejs\\node.exe" "C:\\Tools\\nodejs\\node_modules\\npm\\bin\\npm-cli.js" "info"
22 error node v5.9.1
23 error npm  v3.7.3
24 error code E404
25 error 404 Registry returned 404 for GET on https://registry.npmjs.org/zombie-elm
26 error 404
27 error 404 'zombie-elm' is not in the npm registry.
28 error 404 You should bug the author to publish it (or use the name yourself!)
29 error 404 Note that you can also install from a
30 error 404 tarball, folder, http url, or git url.
31 verbose exit [ 1, true ]
